[2015-06-03 14:53:43] GET http://www.cnblogs.com/mvc/Blog/GetBlogSideBlocks.aspx?blogApp=<samuraiLabs\>&showFlag=%3CsamuraiLabs%5C%3E HTTP/1.1
User-Agent: Mozilla/5.0 (Windows NT 6.1; WOW64) AppleWebKit/537.36 (KHTML, like Gecko) Chrome/43.0.2357.81 Safari/537.36
Accept: text/html, application/xhtml+xml, */*
Referer: http://www.cnblogs.com/onedime/archive/2012/08/23/2652366.html
Host: www.cnblogs.com
Cookie: __gads=ID=0c4d1aa410c5a790:T=1431483719:S=ALNI_MZN9-XakF03a8LVeKvHMNcYGk1EhQ; pgv_pvi=3980805120; CNZZDATA1522361=cnzz_eid%3D1647898286-1432868517-http%253A%252F%252Fwww.baidu.com%252F%26ntime%3D1432868517; __utma=226521935.438936784.1431483561.1432868358.1433126753.6; __utmc=226521935; __utmz=226521935.1433126753.6.6.utmcsr=baidu|utmccn=(organic)|utmcmd=organic|utmctr=System.NullReferenceException%20was%20unhandled%20; CNZZDATA4263708=cnzz_eid%3D961211323-1433135507-null%26ntime%3D1433135507; Hm_lpvt_674430fbddd66a488580ec86aba288f7=1433139661; CNZZDATA4343144=cnzz_eid%3D1365113172-1432879361-http%253A%252F%252Fwww.baidu.com%252F%26ntime%3D1433139829; CNZZDATA1683856=cnzz_eid%3D1787028022-1433205375-null%26ntime%3D1433205375; CNZZDATA706677=cnzz_eid%3D1345886852-1433208995-null%26ntime%3D1433208995; AJSTAT_ok_times=2; _gat=1; _ga=GA1.2.438936784.1431483561
[2015-06-03 14:53:43] <html><head><title>Object moved</title></head><body>
<h2>Object moved to <a href="/error/error.htm?aspxerrorpath=/mvc/Blog/GetBlogSideBlocks.aspx">here</a>.</h2>
</body></html>

[2015-06-03 14:53:43] GET http://www.cnblogs.com/mvc/Blog/GetBlogSideBlocks.aspx?blogApp=onedime&showFlag=<samuraiLabs\> HTTP/1.1
User-Agent: Mozilla/5.0 (Windows NT 6.1; WOW64) AppleWebKit/537.36 (KHTML, like Gecko) Chrome/43.0.2357.81 Safari/537.36
Accept: text/html, application/xhtml+xml, */*
Referer: http://www.cnblogs.com/onedime/archive/2012/08/23/2652366.html
Host: www.cnblogs.com
Cookie: __gads=ID=0c4d1aa410c5a790:T=1431483719:S=ALNI_MZN9-XakF03a8LVeKvHMNcYGk1EhQ; pgv_pvi=3980805120; CNZZDATA1522361=cnzz_eid%3D1647898286-1432868517-http%253A%252F%252Fwww.baidu.com%252F%26ntime%3D1432868517; __utma=226521935.438936784.1431483561.1432868358.1433126753.6; __utmc=226521935; __utmz=226521935.1433126753.6.6.utmcsr=baidu|utmccn=(organic)|utmcmd=organic|utmctr=System.NullReferenceException%20was%20unhandled%20; CNZZDATA4263708=cnzz_eid%3D961211323-1433135507-null%26ntime%3D1433135507; Hm_lpvt_674430fbddd66a488580ec86aba288f7=1433139661; CNZZDATA4343144=cnzz_eid%3D1365113172-1432879361-http%253A%252F%252Fwww.baidu.com%252F%26ntime%3D1433139829; CNZZDATA1683856=cnzz_eid%3D1787028022-1433205375-null%26ntime%3D1433205375; CNZZDATA706677=cnzz_eid%3D1345886852-1433208995-null%26ntime%3D1433208995; AJSTAT_ok_times=2; _gat=1; _ga=GA1.2.438936784.1431483561
[2015-06-03 14:53:43] <html><head><title>Object moved</title></head><body>
<h2>Object moved to <a href="/error/error.htm?aspxerrorpath=/mvc/Blog/GetBlogSideBlocks.aspx">here</a>.</h2>
</body></html>

[2015-06-03 14:53:43] GET http://www.cnblogs.com/mvc/Blog/GetBlogSideBlocks.aspx?blogApp=onedime&showFlag=%3CsamuraiLabs%5C%3E HTTP/1.1
User-Agent: Mozilla/5.0 (Windows NT 6.1; WOW64) AppleWebKit/537.36 (KHTML, like Gecko) Chrome/43.0.2357.81 Safari/537.36
Accept: text/html, application/xhtml+xml, */*
Referer: http://www.cnblogs.com/onedime/archive/2012/08/23/2652366.html
Host: www.cnblogs.com
Cookie: __gads=<samuraiLabs\>; pgv_pvi=3980805120; CNZZDATA1522361=cnzz_eid%3D1647898286-1432868517-http%253A%252F%252Fwww.baidu.com%252F%26ntime%3D1432868517; __utma=226521935.438936784.1431483561.1432868358.1433126753.6; __utmc=226521935; __utmz=226521935.1433126753.6.6.utmcsr=baidu|utmccn=(organic)|utmcmd=organic|utmctr=System.NullReferenceException%20was%20unhandled%20; CNZZDATA4263708=cnzz_eid%3D961211323-1433135507-null%26ntime%3D1433135507; Hm_lpvt_674430fbddd66a488580ec86aba288f7=1433139661; CNZZDATA4343144=cnzz_eid%3D1365113172-1432879361-http%253A%252F%252Fwww.baidu.com%252F%26ntime%3D1433139829; CNZZDATA1683856=cnzz_eid%3D1787028022-1433205375-null%26ntime%3D1433205375; CNZZDATA706677=cnzz_eid%3D1345886852-1433208995-null%26ntime%3D1433208995; AJSTAT_ok_times=2; _gat=1; _ga=GA1.2.438936784.1431483561
[2015-06-03 14:53:43] <html><head><title>Object moved</title></head><body>
<h2>Object moved to <a href="/error/error.htm?aspxerrorpath=/mvc/Blog/GetBlogSideBlocks.aspx">here</a>.</h2>
</body></html>

[2015-06-03 14:53:43] GET http://www.cnblogs.com/mvc/Blog/GetBlogSideBlocks.aspx?blogApp=onedime&showFlag=%3CsamuraiLabs%5C%3E HTTP/1.1
User-Agent: Mozilla/5.0 (Windows NT 6.1; WOW64) AppleWebKit/537.36 (KHTML, like Gecko) Chrome/43.0.2357.81 Safari/537.36
Accept: text/html, application/xhtml+xml, */*
Referer: http://www.cnblogs.com/onedime/archive/2012/08/23/2652366.html
Host: www.cnblogs.com
Cookie: __gads=ID=0c4d1aa410c5a790:T=1431483719:S=ALNI_MZN9-XakF03a8LVeKvHMNcYGk1EhQ; pgv_pvi=<samuraiLabs\>; CNZZDATA1522361=cnzz_eid%3D1647898286-1432868517-http%253A%252F%252Fwww.baidu.com%252F%26ntime%3D1432868517; __utma=226521935.438936784.1431483561.1432868358.1433126753.6; __utmc=226521935; __utmz=226521935.1433126753.6.6.utmcsr=baidu|utmccn=(organic)|utmcmd=organic|utmctr=System.NullReferenceException%20was%20unhandled%20; CNZZDATA4263708=cnzz_eid%3D961211323-1433135507-null%26ntime%3D1433135507; Hm_lpvt_674430fbddd66a488580ec86aba288f7=1433139661; CNZZDATA4343144=cnzz_eid%3D1365113172-1432879361-http%253A%252F%252Fwww.baidu.com%252F%26ntime%3D1433139829; CNZZDATA1683856=cnzz_eid%3D1787028022-1433205375-null%26ntime%3D1433205375; CNZZDATA706677=cnzz_eid%3D1345886852-1433208995-null%26ntime%3D1433208995; AJSTAT_ok_times=2; _gat=1; _ga=GA1.2.438936784.1431483561
[2015-06-03 14:53:43] <html><head><title>Object moved</title></head><body>
<h2>Object moved to <a href="/error/error.htm?aspxerrorpath=/mvc/Blog/GetBlogSideBlocks.aspx">here</a>.</h2>
</body></html>

[2015-06-03 14:53:43] GET http://www.cnblogs.com/mvc/Blog/GetBlogSideBlocks.aspx?blogApp=onedime&showFlag=%3CsamuraiLabs%5C%3E HTTP/1.1
User-Agent: Mozilla/5.0 (Windows NT 6.1; WOW64) AppleWebKit/537.36 (KHTML, like Gecko) Chrome/43.0.2357.81 Safari/537.36
Accept: text/html, application/xhtml+xml, */*
Referer: http://www.cnblogs.com/onedime/archive/2012/08/23/2652366.html
Host: www.cnblogs.com
Cookie: __gads=ID=0c4d1aa410c5a790:T=1431483719:S=ALNI_MZN9-XakF03a8LVeKvHMNcYGk1EhQ; pgv_pvi=3980805120; CNZZDATA1522361=<samuraiLabs\>; __utma=226521935.438936784.1431483561.1432868358.1433126753.6; __utmc=226521935; __utmz=226521935.1433126753.6.6.utmcsr=baidu|utmccn=(organic)|utmcmd=organic|utmctr=System.NullReferenceException%20was%20unhandled%20; CNZZDATA4263708=cnzz_eid%3D961211323-1433135507-null%26ntime%3D1433135507; Hm_lpvt_674430fbddd66a488580ec86aba288f7=1433139661; CNZZDATA4343144=cnzz_eid%3D1365113172-1432879361-http%253A%252F%252Fwww.baidu.com%252F%26ntime%3D1433139829; CNZZDATA1683856=cnzz_eid%3D1787028022-1433205375-null%26ntime%3D1433205375; CNZZDATA706677=cnzz_eid%3D1345886852-1433208995-null%26ntime%3D1433208995; AJSTAT_ok_times=2; _gat=1; _ga=GA1.2.438936784.1431483561
[2015-06-03 14:53:43] <html><head><title>Object moved</title></head><body>
<h2>Object moved to <a href="/error/error.htm?aspxerrorpath=/mvc/Blog/GetBlogSideBlocks.aspx">here</a>.</h2>
</body></html>

[2015-06-03 14:53:43] GET http://www.cnblogs.com/mvc/Blog/GetBlogSideBlocks.aspx?blogApp=onedime&showFlag=%3CsamuraiLabs%5C%3E HTTP/1.1
User-Agent: Mozilla/5.0 (Windows NT 6.1; WOW64) AppleWebKit/537.36 (KHTML, like Gecko) Chrome/43.0.2357.81 Safari/537.36
Accept: text/html, application/xhtml+xml, */*
Referer: http://www.cnblogs.com/onedime/archive/2012/08/23/2652366.html
Host: www.cnblogs.com
Cookie: __gads=ID=0c4d1aa410c5a790:T=1431483719:S=ALNI_MZN9-XakF03a8LVeKvHMNcYGk1EhQ; pgv_pvi=3980805120; CNZZDATA1522361=cnzz_eid%3D1647898286-1432868517-http%253A%252F%252Fwww.baidu.com%252F%26ntime%3D1432868517; __utma=<samuraiLabs\>; __utmc=226521935; __utmz=226521935.1433126753.6.6.utmcsr=baidu|utmccn=(organic)|utmcmd=organic|utmctr=System.NullReferenceException%20was%20unhandled%20; CNZZDATA4263708=cnzz_eid%3D961211323-1433135507-null%26ntime%3D1433135507; Hm_lpvt_674430fbddd66a488580ec86aba288f7=1433139661; CNZZDATA4343144=cnzz_eid%3D1365113172-1432879361-http%253A%252F%252Fwww.baidu.com%252F%26ntime%3D1433139829; CNZZDATA1683856=cnzz_eid%3D1787028022-1433205375-null%26ntime%3D1433205375; CNZZDATA706677=cnzz_eid%3D1345886852-1433208995-null%26ntime%3D1433208995; AJSTAT_ok_times=2; _gat=1; _ga=GA1.2.438936784.1431483561
[2015-06-03 14:53:43] <html><head><title>Object moved</title></head><body>
<h2>Object moved to <a href="/error/error.htm?aspxerrorpath=/mvc/Blog/GetBlogSideBlocks.aspx">here</a>.</h2>
</body></html>

[2015-06-03 14:53:43] GET http://www.cnblogs.com/mvc/Blog/GetBlogSideBlocks.aspx?blogApp=onedime&showFlag=%3CsamuraiLabs%5C%3E HTTP/1.1
User-Agent: Mozilla/5.0 (Windows NT 6.1; WOW64) AppleWebKit/537.36 (KHTML, like Gecko) Chrome/43.0.2357.81 Safari/537.36
Accept: text/html, application/xhtml+xml, */*
Referer: http://www.cnblogs.com/onedime/archive/2012/08/23/2652366.html
Host: www.cnblogs.com
Cookie: __gads=ID=0c4d1aa410c5a790:T=1431483719:S=ALNI_MZN9-XakF03a8LVeKvHMNcYGk1EhQ; pgv_pvi=3980805120; CNZZDATA1522361=cnzz_eid%3D1647898286-1432868517-http%253A%252F%252Fwww.baidu.com%252F%26ntime%3D1432868517; __utma=226521935.438936784.1431483561.1432868358.1433126753.6; __utmc=<samuraiLabs\>; __utmz=226521935.1433126753.6.6.utmcsr=baidu|utmccn=(organic)|utmcmd=organic|utmctr=System.NullReferenceException%20was%20unhandled%20; CNZZDATA4263708=cnzz_eid%3D961211323-1433135507-null%26ntime%3D1433135507; Hm_lpvt_674430fbddd66a488580ec86aba288f7=1433139661; CNZZDATA4343144=cnzz_eid%3D1365113172-1432879361-http%253A%252F%252Fwww.baidu.com%252F%26ntime%3D1433139829; CNZZDATA1683856=cnzz_eid%3D1787028022-1433205375-null%26ntime%3D1433205375; CNZZDATA706677=cnzz_eid%3D1345886852-1433208995-null%26ntime%3D1433208995; AJSTAT_ok_times=2; _gat=1; _ga=GA1.2.438936784.1431483561
[2015-06-03 14:53:44] <html><head><title>Object moved</title></head><body>
<h2>Object moved to <a href="/error/error.htm?aspxerrorpath=/mvc/Blog/GetBlogSideBlocks.aspx">here</a>.</h2>
</body></html>

[2015-06-03 14:53:44] GET http://www.cnblogs.com/mvc/Blog/GetBlogSideBlocks.aspx?blogApp=onedime&showFlag=%3CsamuraiLabs%5C%3E HTTP/1.1
User-Agent: Mozilla/5.0 (Windows NT 6.1; WOW64) AppleWebKit/537.36 (KHTML, like Gecko) Chrome/43.0.2357.81 Safari/537.36
Accept: text/html, application/xhtml+xml, */*
Referer: http://www.cnblogs.com/onedime/archive/2012/08/23/2652366.html
Host: www.cnblogs.com
Cookie: __gads=ID=0c4d1aa410c5a790:T=1431483719:S=ALNI_MZN9-XakF03a8LVeKvHMNcYGk1EhQ; pgv_pvi=3980805120; CNZZDATA1522361=cnzz_eid%3D1647898286-1432868517-http%253A%252F%252Fwww.baidu.com%252F%26ntime%3D1432868517; __utma=226521935.438936784.1431483561.1432868358.1433126753.6; __utmc=226521935; __utmz=<samuraiLabs\>; CNZZDATA4263708=cnzz_eid%3D961211323-1433135507-null%26ntime%3D1433135507; Hm_lpvt_674430fbddd66a488580ec86aba288f7=1433139661; CNZZDATA4343144=cnzz_eid%3D1365113172-1432879361-http%253A%252F%252Fwww.baidu.com%252F%26ntime%3D1433139829; CNZZDATA1683856=cnzz_eid%3D1787028022-1433205375-null%26ntime%3D1433205375; CNZZDATA706677=cnzz_eid%3D1345886852-1433208995-null%26ntime%3D1433208995; AJSTAT_ok_times=2; _gat=1; _ga=GA1.2.438936784.1431483561
[2015-06-03 14:53:44] <html><head><title>Object moved</title></head><body>
<h2>Object moved to <a href="/error/error.htm?aspxerrorpath=/mvc/Blog/GetBlogSideBlocks.aspx">here</a>.</h2>
</body></html>

[2015-06-03 14:53:44] GET http://www.cnblogs.com/mvc/Blog/GetBlogSideBlocks.aspx?blogApp=onedime&showFlag=%3CsamuraiLabs%5C%3E HTTP/1.1
User-Agent: Mozilla/5.0 (Windows NT 6.1; WOW64) AppleWebKit/537.36 (KHTML, like Gecko) Chrome/43.0.2357.81 Safari/537.36
Accept: text/html, application/xhtml+xml, */*
Referer: http://www.cnblogs.com/onedime/archive/2012/08/23/2652366.html
Host: www.cnblogs.com
Cookie: __gads=ID=0c4d1aa410c5a790:T=1431483719:S=ALNI_MZN9-XakF03a8LVeKvHMNcYGk1EhQ; pgv_pvi=3980805120; CNZZDATA1522361=cnzz_eid%3D1647898286-1432868517-http%253A%252F%252Fwww.baidu.com%252F%26ntime%3D1432868517; __utma=226521935.438936784.1431483561.1432868358.1433126753.6; __utmc=226521935; __utmz=226521935.1433126753.6.6.utmcsr=baidu|utmccn=(organic)|utmcmd=organic|utmctr=System.NullReferenceException%20was%20unhandled%20; CNZZDATA4263708=<samuraiLabs\>; Hm_lpvt_674430fbddd66a488580ec86aba288f7=1433139661; CNZZDATA4343144=cnzz_eid%3D1365113172-1432879361-http%253A%252F%252Fwww.baidu.com%252F%26ntime%3D1433139829; CNZZDATA1683856=cnzz_eid%3D1787028022-1433205375-null%26ntime%3D1433205375; CNZZDATA706677=cnzz_eid%3D1345886852-1433208995-null%26ntime%3D1433208995; AJSTAT_ok_times=2; _gat=1; _ga=GA1.2.438936784.1431483561
[2015-06-03 14:53:44] <html><head><title>Object moved</title></head><body>
<h2>Object moved to <a href="/error/error.htm?aspxerrorpath=/mvc/Blog/GetBlogSideBlocks.aspx">here</a>.</h2>
</body></html>

[2015-06-03 14:53:44] GET http://www.cnblogs.com/mvc/Blog/GetBlogSideBlocks.aspx?blogApp=onedime&showFlag=%3CsamuraiLabs%5C%3E HTTP/1.1
User-Agent: Mozilla/5.0 (Windows NT 6.1; WOW64) AppleWebKit/537.36 (KHTML, like Gecko) Chrome/43.0.2357.81 Safari/537.36
Accept: text/html, application/xhtml+xml, */*
Referer: http://www.cnblogs.com/onedime/archive/2012/08/23/2652366.html
Host: www.cnblogs.com
Cookie: __gads=ID=0c4d1aa410c5a790:T=1431483719:S=ALNI_MZN9-XakF03a8LVeKvHMNcYGk1EhQ; pgv_pvi=3980805120; CNZZDATA1522361=cnzz_eid%3D1647898286-1432868517-http%253A%252F%252Fwww.baidu.com%252F%26ntime%3D1432868517; __utma=226521935.438936784.1431483561.1432868358.1433126753.6; __utmc=226521935; __utmz=226521935.1433126753.6.6.utmcsr=baidu|utmccn=(organic)|utmcmd=organic|utmctr=System.NullReferenceException%20was%20unhandled%20; CNZZDATA4263708=cnzz_eid%3D961211323-1433135507-null%26ntime%3D1433135507; Hm_lpvt_674430fbddd66a488580ec86aba288f7=<samuraiLabs\>; CNZZDATA4343144=cnzz_eid%3D1365113172-1432879361-http%253A%252F%252Fwww.baidu.com%252F%26ntime%3D1433139829; CNZZDATA1683856=cnzz_eid%3D1787028022-1433205375-null%26ntime%3D1433205375; CNZZDATA706677=cnzz_eid%3D1345886852-1433208995-null%26ntime%3D1433208995; AJSTAT_ok_times=2; _gat=1; _ga=GA1.2.438936784.1431483561
[2015-06-03 14:53:44] <html><head><title>Object moved</title></head><body>
<h2>Object moved to <a href="/error/error.htm?aspxerrorpath=/mvc/Blog/GetBlogSideBlocks.aspx">here</a>.</h2>
</body></html>

[2015-06-03 14:53:44] GET http://www.cnblogs.com/mvc/Blog/GetBlogSideBlocks.aspx?blogApp=onedime&showFlag=%3CsamuraiLabs%5C%3E HTTP/1.1
User-Agent: Mozilla/5.0 (Windows NT 6.1; WOW64) AppleWebKit/537.36 (KHTML, like Gecko) Chrome/43.0.2357.81 Safari/537.36
Accept: text/html, application/xhtml+xml, */*
Referer: http://www.cnblogs.com/onedime/archive/2012/08/23/2652366.html
Host: www.cnblogs.com
Cookie: __gads=ID=0c4d1aa410c5a790:T=1431483719:S=ALNI_MZN9-XakF03a8LVeKvHMNcYGk1EhQ; pgv_pvi=3980805120; CNZZDATA1522361=cnzz_eid%3D1647898286-1432868517-http%253A%252F%252Fwww.baidu.com%252F%26ntime%3D1432868517; __utma=226521935.438936784.1431483561.1432868358.1433126753.6; __utmc=226521935; __utmz=226521935.1433126753.6.6.utmcsr=baidu|utmccn=(organic)|utmcmd=organic|utmctr=System.NullReferenceException%20was%20unhandled%20; CNZZDATA4263708=cnzz_eid%3D961211323-1433135507-null%26ntime%3D1433135507; Hm_lpvt_674430fbddd66a488580ec86aba288f7=1433139661; CNZZDATA4343144=<samuraiLabs\>; CNZZDATA1683856=cnzz_eid%3D1787028022-1433205375-null%26ntime%3D1433205375; CNZZDATA706677=cnzz_eid%3D1345886852-1433208995-null%26ntime%3D1433208995; AJSTAT_ok_times=2; _gat=1; _ga=GA1.2.438936784.1431483561
[2015-06-03 14:53:44] <html><head><title>Object moved</title></head><body>
<h2>Object moved to <a href="/error/error.htm?aspxerrorpath=/mvc/Blog/GetBlogSideBlocks.aspx">here</a>.</h2>
</body></html>

[2015-06-03 14:53:44] GET http://www.cnblogs.com/mvc/Blog/GetBlogSideBlocks.aspx?blogApp=onedime&showFlag=%3CsamuraiLabs%5C%3E HTTP/1.1
User-Agent: Mozilla/5.0 (Windows NT 6.1; WOW64) AppleWebKit/537.36 (KHTML, like Gecko) Chrome/43.0.2357.81 Safari/537.36
Accept: text/html, application/xhtml+xml, */*
Referer: http://www.cnblogs.com/onedime/archive/2012/08/23/2652366.html
Host: www.cnblogs.com
Cookie: __gads=ID=0c4d1aa410c5a790:T=1431483719:S=ALNI_MZN9-XakF03a8LVeKvHMNcYGk1EhQ; pgv_pvi=3980805120; CNZZDATA1522361=cnzz_eid%3D1647898286-1432868517-http%253A%252F%252Fwww.baidu.com%252F%26ntime%3D1432868517; __utma=226521935.438936784.1431483561.1432868358.1433126753.6; __utmc=226521935; __utmz=226521935.1433126753.6.6.utmcsr=baidu|utmccn=(organic)|utmcmd=organic|utmctr=System.NullReferenceException%20was%20unhandled%20; CNZZDATA4263708=cnzz_eid%3D961211323-1433135507-null%26ntime%3D1433135507; Hm_lpvt_674430fbddd66a488580ec86aba288f7=1433139661; CNZZDATA4343144=cnzz_eid%3D1365113172-1432879361-http%253A%252F%252Fwww.baidu.com%252F%26ntime%3D1433139829; CNZZDATA1683856=<samuraiLabs\>; CNZZDATA706677=cnzz_eid%3D1345886852-1433208995-null%26ntime%3D1433208995; AJSTAT_ok_times=2; _gat=1; _ga=GA1.2.438936784.1431483561
[2015-06-03 14:53:44] <html><head><title>Object moved</title></head><body>
<h2>Object moved to <a href="/error/error.htm?aspxerrorpath=/mvc/Blog/GetBlogSideBlocks.aspx">here</a>.</h2>
</body></html>

[2015-06-03 14:53:44] GET http://www.cnblogs.com/mvc/Blog/GetBlogSideBlocks.aspx?blogApp=onedime&showFlag=%3CsamuraiLabs%5C%3E HTTP/1.1
User-Agent: Mozilla/5.0 (Windows NT 6.1; WOW64) AppleWebKit/537.36 (KHTML, like Gecko) Chrome/43.0.2357.81 Safari/537.36
Accept: text/html, application/xhtml+xml, */*
Referer: http://www.cnblogs.com/onedime/archive/2012/08/23/2652366.html
Host: www.cnblogs.com
Cookie: __gads=ID=0c4d1aa410c5a790:T=1431483719:S=ALNI_MZN9-XakF03a8LVeKvHMNcYGk1EhQ; pgv_pvi=3980805120; CNZZDATA1522361=cnzz_eid%3D1647898286-1432868517-http%253A%252F%252Fwww.baidu.com%252F%26ntime%3D1432868517; __utma=226521935.438936784.1431483561.1432868358.1433126753.6; __utmc=226521935; __utmz=226521935.1433126753.6.6.utmcsr=baidu|utmccn=(organic)|utmcmd=organic|utmctr=System.NullReferenceException%20was%20unhandled%20; CNZZDATA4263708=cnzz_eid%3D961211323-1433135507-null%26ntime%3D1433135507; Hm_lpvt_674430fbddd66a488580ec86aba288f7=1433139661; CNZZDATA4343144=cnzz_eid%3D1365113172-1432879361-http%253A%252F%252Fwww.baidu.com%252F%26ntime%3D1433139829; CNZZDATA1683856=cnzz_eid%3D1787028022-1433205375-null%26ntime%3D1433205375; CNZZDATA706677=<samuraiLabs\>; AJSTAT_ok_times=2; _gat=1; _ga=GA1.2.438936784.1431483561
[2015-06-03 14:53:44] <html><head><title>Object moved</title></head><body>
<h2>Object moved to <a href="/error/error.htm?aspxerrorpath=/mvc/Blog/GetBlogSideBlocks.aspx">here</a>.</h2>
</body></html>

[2015-06-03 14:53:44] GET http://www.cnblogs.com/mvc/Blog/GetBlogSideBlocks.aspx?blogApp=onedime&showFlag=%3CsamuraiLabs%5C%3E HTTP/1.1
User-Agent: Mozilla/5.0 (Windows NT 6.1; WOW64) AppleWebKit/537.36 (KHTML, like Gecko) Chrome/43.0.2357.81 Safari/537.36
Accept: text/html, application/xhtml+xml, */*
Referer: http://www.cnblogs.com/onedime/archive/2012/08/23/2652366.html
Host: www.cnblogs.com
Cookie: __gads=ID=0c4d1aa410c5a790:T=1431483719:S=ALNI_MZN9-XakF03a8LVeKvHMNcYGk1EhQ; pgv_pvi=3980805120; CNZZDATA1522361=cnzz_eid%3D1647898286-1432868517-http%253A%252F%252Fwww.baidu.com%252F%26ntime%3D1432868517; __utma=226521935.438936784.1431483561.1432868358.1433126753.6; __utmc=226521935; __utmz=226521935.1433126753.6.6.utmcsr=baidu|utmccn=(organic)|utmcmd=organic|utmctr=System.NullReferenceException%20was%20unhandled%20; CNZZDATA4263708=cnzz_eid%3D961211323-1433135507-null%26ntime%3D1433135507; Hm_lpvt_674430fbddd66a488580ec86aba288f7=1433139661; CNZZDATA4343144=cnzz_eid%3D1365113172-1432879361-http%253A%252F%252Fwww.baidu.com%252F%26ntime%3D1433139829; CNZZDATA1683856=cnzz_eid%3D1787028022-1433205375-null%26ntime%3D1433205375; CNZZDATA706677=cnzz_eid%3D1345886852-1433208995-null%26ntime%3D1433208995; AJSTAT_ok_times=<samuraiLabs\>; _gat=1; _ga=GA1.2.438936784.1431483561
[2015-06-03 14:53:44] <html><head><title>Object moved</title></head><body>
<h2>Object moved to <a href="/error/error.htm?aspxerrorpath=/mvc/Blog/GetBlogSideBlocks.aspx">here</a>.</h2>
</body></html>

[2015-06-03 14:53:44] GET http://www.cnblogs.com/mvc/Blog/GetBlogSideBlocks.aspx?blogApp=onedime&showFlag=%3CsamuraiLabs%5C%3E HTTP/1.1
User-Agent: Mozilla/5.0 (Windows NT 6.1; WOW64) AppleWebKit/537.36 (KHTML, like Gecko) Chrome/43.0.2357.81 Safari/537.36
Accept: text/html, application/xhtml+xml, */*
Referer: http://www.cnblogs.com/onedime/archive/2012/08/23/2652366.html
Host: www.cnblogs.com
Cookie: __gads=ID=0c4d1aa410c5a790:T=1431483719:S=ALNI_MZN9-XakF03a8LVeKvHMNcYGk1EhQ; pgv_pvi=3980805120; CNZZDATA1522361=cnzz_eid%3D1647898286-1432868517-http%253A%252F%252Fwww.baidu.com%252F%26ntime%3D1432868517; __utma=226521935.438936784.1431483561.1432868358.1433126753.6; __utmc=226521935; __utmz=226521935.1433126753.6.6.utmcsr=baidu|utmccn=(organic)|utmcmd=organic|utmctr=System.NullReferenceException%20was%20unhandled%20; CNZZDATA4263708=cnzz_eid%3D961211323-1433135507-null%26ntime%3D1433135507; Hm_lpvt_674430fbddd66a488580ec86aba288f7=1433139661; CNZZDATA4343144=cnzz_eid%3D1365113172-1432879361-http%253A%252F%252Fwww.baidu.com%252F%26ntime%3D1433139829; CNZZDATA1683856=cnzz_eid%3D1787028022-1433205375-null%26ntime%3D1433205375; CNZZDATA706677=cnzz_eid%3D1345886852-1433208995-null%26ntime%3D1433208995; AJSTAT_ok_times=2; _gat=<samuraiLabs\>; _ga=GA1.2.438936784.1431483561
[2015-06-03 14:53:44] <html><head><title>Object moved</title></head><body>
<h2>Object moved to <a href="/error/error.htm?aspxerrorpath=/mvc/Blog/GetBlogSideBlocks.aspx">here</a>.</h2>
</body></html>

[2015-06-03 14:53:44] GET http://www.cnblogs.com/mvc/Blog/GetBlogSideBlocks.aspx?blogApp=onedime&showFlag=%3CsamuraiLabs%5C%3E HTTP/1.1
User-Agent: Mozilla/5.0 (Windows NT 6.1; WOW64) AppleWebKit/537.36 (KHTML, like Gecko) Chrome/43.0.2357.81 Safari/537.36
Accept: text/html, application/xhtml+xml, */*
Referer: http://www.cnblogs.com/onedime/archive/2012/08/23/2652366.html
Host: www.cnblogs.com
Cookie: __gads=ID=0c4d1aa410c5a790:T=1431483719:S=ALNI_MZN9-XakF03a8LVeKvHMNcYGk1EhQ; pgv_pvi=3980805120; CNZZDATA1522361=cnzz_eid%3D1647898286-1432868517-http%253A%252F%252Fwww.baidu.com%252F%26ntime%3D1432868517; __utma=226521935.438936784.1431483561.1432868358.1433126753.6; __utmc=226521935; __utmz=226521935.1433126753.6.6.utmcsr=baidu|utmccn=(organic)|utmcmd=organic|utmctr=System.NullReferenceException%20was%20unhandled%20; CNZZDATA4263708=cnzz_eid%3D961211323-1433135507-null%26ntime%3D1433135507; Hm_lpvt_674430fbddd66a488580ec86aba288f7=1433139661; CNZZDATA4343144=cnzz_eid%3D1365113172-1432879361-http%253A%252F%252Fwww.baidu.com%252F%26ntime%3D1433139829; CNZZDATA1683856=cnzz_eid%3D1787028022-1433205375-null%26ntime%3D1433205375; CNZZDATA706677=cnzz_eid%3D1345886852-1433208995-null%26ntime%3D1433208995; AJSTAT_ok_times=2; _gat=1; _ga=<samuraiLabs\>
[2015-06-03 14:53:44] <html><head><title>Object moved</title></head><body>
<h2>Object moved to <a href="/error/error.htm?aspxerrorpath=/mvc/Blog/GetBlogSideBlocks.aspx">here</a>.</h2>
</body></html>

